<?xml version="1.0" encoding="UTF-8"?>
<testsuite name="gov.cdc.sdp.cbr.SplitAndAggregateTest" time="0.045" tests="1" errors="1" skipped="0" failures="0">
  <properties>
    <property name="java.runtime.name" value="OpenJDK Runtime Environment"/>
    <property name="sun.boot.library.path" value="/usr/lib/jvm/java-8-openjdk-amd64/jre/lib/amd64"/>
    <property name="java.vm.version" value="25.131-b11"/>
    <property name="java.vm.vendor" value="Oracle Corporation"/>
    <property name="maven.multiModuleProjectDirectory" value="/home/troy/project/SDP-CBR"/>
    <property name="java.vendor.url" value="http://java.oracle.com/"/>
    <property name="path.separator" value=":"/>
    <property name="guice.disable.misplaced.annotation.check" value="true"/>
    <property name="java.vm.name" value="OpenJDK 64-Bit Server VM"/>
    <property name="file.encoding.pkg" value="sun.io"/>
    <property name="user.country" value="US"/>
    <property name="sun.java.launcher" value="SUN_STANDARD"/>
    <property name="sun.os.patch.level" value="unknown"/>
    <property name="java.vm.specification.name" value="Java Virtual Machine Specification"/>
    <property name="user.dir" value="/home/troy/project/SDP-CBR"/>
    <property name="java.runtime.version" value="1.8.0_131-8u131-b11-2ubuntu1.16.04.3-b11"/>
    <property name="java.awt.graphicsenv" value="sun.awt.X11GraphicsEnvironment"/>
    <property name="java.endorsed.dirs" value="/usr/lib/jvm/java-8-openjdk-amd64/jre/lib/endorsed"/>
    <property name="os.arch" value="amd64"/>
    <property name="java.io.tmpdir" value="/tmp"/>
    <property name="line.separator" value="&#10;"/>
    <property name="java.vm.specification.vendor" value="Oracle Corporation"/>
    <property name="os.name" value="Linux"/>
    <property name="classworlds.conf" value="/usr/share/maven/bin/m2.conf"/>
    <property name="sun.jnu.encoding" value="UTF-8"/>
    <property name="java.library.path" value="/usr/java/packages/lib/amd64:/usr/lib/x86_64-linux-gnu/jni:/lib/x86_64-linux-gnu:/usr/lib/x86_64-linux-gnu:/usr/lib/jni:/lib:/usr/lib"/>
    <property name="java.specification.name" value="Java Platform API Specification"/>
    <property name="java.class.version" value="52.0"/>
    <property name="sun.management.compiler" value="HotSpot 64-Bit Tiered Compilers"/>
    <property name="os.version" value="4.10.0-38-generic"/>
    <property name="user.home" value="/home/troy"/>
    <property name="user.timezone" value="America/New_York"/>
    <property name="java.awt.printerjob" value="sun.print.PSPrinterJob"/>
    <property name="file.encoding" value="UTF-8"/>
    <property name="java.specification.version" value="1.8"/>
    <property name="user.name" value="troy"/>
    <property name="java.class.path" value="/usr/share/maven/boot/plexus-classworlds-2.x.jar"/>
    <property name="java.vm.specification.version" value="1.8"/>
    <property name="sun.arch.data.model" value="64"/>
    <property name="java.home" value="/usr/lib/jvm/java-8-openjdk-amd64/jre"/>
    <property name="sun.java.command" value="org.codehaus.plexus.classworlds.launcher.Launcher clean test"/>
    <property name="java.specification.vendor" value="Oracle Corporation"/>
    <property name="user.language" value="en"/>
    <property name="awt.toolkit" value="sun.awt.X11.XToolkit"/>
    <property name="java.vm.info" value="mixed mode"/>
    <property name="java.version" value="1.8.0_131"/>
    <property name="java.ext.dirs" value="/usr/lib/jvm/java-8-openjdk-amd64/jre/lib/ext:/usr/java/packages/lib/ext"/>
    <property name="securerandom.source" value="file:/dev/./urandom"/>
    <property name="sun.boot.class.path" value="/usr/lib/jvm/java-8-openjdk-amd64/jre/lib/resources.jar:/usr/lib/jvm/java-8-openjdk-amd64/jre/lib/rt.jar:/usr/lib/jvm/java-8-openjdk-amd64/jre/lib/sunrsasign.jar:/usr/lib/jvm/java-8-openjdk-amd64/jre/lib/jsse.jar:/usr/lib/jvm/java-8-openjdk-amd64/jre/lib/jce.jar:/usr/lib/jvm/java-8-openjdk-amd64/jre/lib/charsets.jar:/usr/lib/jvm/java-8-openjdk-amd64/jre/lib/jfr.jar:/usr/lib/jvm/java-8-openjdk-amd64/jre/classes"/>
    <property name="java.vendor" value="Oracle Corporation"/>
    <property name="maven.home" value="/usr/share/maven"/>
    <property name="file.separator" value="/"/>
    <property name="java.vendor.url.bug" value="http://bugreport.sun.com/bugreport/"/>
    <property name="sun.cpu.endian" value="little"/>
    <property name="sun.io.unicode.encoding" value="UnicodeLittle"/>
    <property name="sun.desktop" value="gnome"/>
    <property name="sun.cpu.isalist" value=""/>
  </properties>
  <testcase name="testAggregation" classname="gov.cdc.sdp.cbr.SplitAndAggregateTest" time="0.045">
    <error message="Failed to load ApplicationContext" type="java.lang.IllegalStateException"><![CDATA[java.lang.IllegalStateException: Failed to load ApplicationContext
	at org.springframework.test.context.cache.DefaultCacheAwareContextLoaderDelegate.loadContext(DefaultCacheAwareContextLoaderDelegate.java:124)
	at org.springframework.test.context.support.DefaultTestContext.getApplicationContext(DefaultTestContext.java:83)
	at org.springframework.test.context.support.DependencyInjectionTestExecutionListener.injectDependencies(DependencyInjectionTestExecutionListener.java:117)
	at org.springframework.test.context.support.DependencyInjectionTestExecutionListener.prepareTestInstance(DependencyInjectionTestExecutionListener.java:83)
	at org.springframework.test.context.TestContextManager.prepareTestInstance(TestContextManager.java:230)
	at org.springframework.test.context.junit4.SpringJUnit4ClassRunner.createTest(SpringJUnit4ClassRunner.java:228)
	at org.springframework.test.context.junit4.SpringJUnit4ClassRunner$1.runReflectiveCall(SpringJUnit4ClassRunner.java:287)
	at org.junit.internal.runners.model.ReflectiveCallable.run(ReflectiveCallable.java:12)
	at org.springframework.test.context.junit4.SpringJUnit4ClassRunner.methodBlock(SpringJUnit4ClassRunner.java:289)
	at org.springframework.test.context.junit4.SpringJUnit4ClassRunner.runChild(SpringJUnit4ClassRunner.java:247)
	at org.springframework.test.context.junit4.SpringJUnit4ClassRunner.runChild(SpringJUnit4ClassRunner.java:94)
	at org.junit.runners.ParentRunner$3.run(ParentRunner.java:290)
	at org.junit.runners.ParentRunner$1.schedule(ParentRunner.java:71)
	at org.junit.runners.ParentRunner.runChildren(ParentRunner.java:288)
	at org.junit.runners.ParentRunner.access$000(ParentRunner.java:58)
	at org.junit.runners.ParentRunner$2.evaluate(ParentRunner.java:268)
	at org.springframework.test.context.junit4.statements.RunBeforeTestClassCallbacks.evaluate(RunBeforeTestClassCallbacks.java:61)
	at org.springframework.test.context.junit4.statements.RunAfterTestClassCallbacks.evaluate(RunAfterTestClassCallbacks.java:70)
	at org.junit.runners.ParentRunner.run(ParentRunner.java:363)
	at org.springframework.test.context.junit4.SpringJUnit4ClassRunner.run(SpringJUnit4ClassRunner.java:191)
	at org.apache.maven.surefire.junit4.JUnit4Provider.execute(JUnit4Provider.java:264)
	at org.apache.maven.surefire.junit4.JUnit4Provider.executeTestSet(JUnit4Provider.java:153)
	at org.apache.maven.surefire.junit4.JUnit4Provider.invoke(JUnit4Provider.java:124)
	at org.apache.maven.surefire.booter.ForkedBooter.invokeProviderInSameClassLoader(ForkedBooter.java:200)
	at org.apache.maven.surefire.booter.ForkedBooter.runSuitesInProcess(ForkedBooter.java:153)
	at org.apache.maven.surefire.booter.ForkedBooter.main(ForkedBooter.java:103)
Caused by: org.apache.camel.FailedToCreateRouteException: Failed to create route _route1 at: >>> Filter[bean[ method:filter] -> [Marshal[ref:unvalidatedHl7], To[aphl-s3://there_is_no_S3_here]]] <<< in route: Route(_route1)[[From[direct:error]] -> [OnException[[class j... because of java.lang.ClassNotFoundException: gov.cdc.sdp.cbr.filter.HL7Terser
	at org.apache.camel.model.RouteDefinition.addRoutes(RouteDefinition.java:1071)
	at org.apache.camel.model.RouteDefinition.addRoutes(RouteDefinition.java:196)
	at org.apache.camel.impl.DefaultCamelContext.startRoute(DefaultCamelContext.java:984)
	at org.apache.camel.impl.DefaultCamelContext.startRouteDefinitions(DefaultCamelContext.java:3401)
	at org.apache.camel.impl.DefaultCamelContext.doStartCamel(DefaultCamelContext.java:3132)
	at org.apache.camel.impl.DefaultCamelContext.access$000(DefaultCamelContext.java:183)
	at org.apache.camel.impl.DefaultCamelContext$2.call(DefaultCamelContext.java:2961)
	at org.apache.camel.impl.DefaultCamelContext$2.call(DefaultCamelContext.java:2957)
	at org.apache.camel.impl.DefaultCamelContext.doWithDefinedClassLoader(DefaultCamelContext.java:2980)
	at org.apache.camel.impl.DefaultCamelContext.doStart(DefaultCamelContext.java:2957)
	at org.apache.camel.support.ServiceSupport.start(ServiceSupport.java:61)
	at org.apache.camel.impl.DefaultCamelContext.start(DefaultCamelContext.java:2924)
	at org.apache.camel.test.spring.CamelSpringTestContextLoader$6.execute(CamelSpringTestContextLoader.java:491)
	at org.apache.camel.test.spring.CamelSpringTestHelper.doToSpringCamelContexts(CamelSpringTestHelper.java:92)
	at org.apache.camel.test.spring.CamelSpringTestContextLoader.handleCamelContextStartup(CamelSpringTestContextLoader.java:485)
	at org.apache.camel.test.spring.CamelSpringTestContextLoader.loadContext(CamelSpringTestContextLoader.java:163)
	at org.apache.camel.test.spring.CamelSpringTestContextLoader.loadContext(CamelSpringTestContextLoader.java:87)
	at org.springframework.test.context.cache.DefaultCacheAwareContextLoaderDelegate.loadContextInternal(DefaultCacheAwareContextLoaderDelegate.java:98)
	at org.springframework.test.context.cache.DefaultCacheAwareContextLoaderDelegate.loadContext(DefaultCacheAwareContextLoaderDelegate.java:116)
	at org.springframework.test.context.support.DefaultTestContext.getApplicationContext(DefaultTestContext.java:83)
	at org.springframework.test.context.support.DependencyInjectionTestExecutionListener.injectDependencies(DependencyInjectionTestExecutionListener.java:117)
	at org.springframework.test.context.support.DependencyInjectionTestExecutionListener.prepareTestInstance(DependencyInjectionTestExecutionListener.java:83)
	at org.springframework.test.context.TestContextManager.prepareTestInstance(TestContextManager.java:230)
	at org.springframework.test.context.junit4.SpringJUnit4ClassRunner.createTest(SpringJUnit4ClassRunner.java:228)
	at org.springframework.test.context.junit4.SpringJUnit4ClassRunner$1.runReflectiveCall(SpringJUnit4ClassRunner.java:287)
	at org.junit.internal.runners.model.ReflectiveCallable.run(ReflectiveCallable.java:12)
	at org.springframework.test.context.junit4.SpringJUnit4ClassRunner.methodBlock(SpringJUnit4ClassRunner.java:289)
	at org.springframework.test.context.junit4.SpringJUnit4ClassRunner.runChild(SpringJUnit4ClassRunner.java:247)
	at org.springframework.test.context.junit4.SpringJUnit4ClassRunner.runChild(SpringJUnit4ClassRunner.java:94)
	at org.junit.runners.ParentRunner$3.run(ParentRunner.java:290)
	at org.junit.runners.ParentRunner$1.schedule(ParentRunner.java:71)
	at org.junit.runners.ParentRunner.runChildren(ParentRunner.java:288)
	at org.junit.runners.ParentRunner.access$000(ParentRunner.java:58)
	at org.junit.runners.ParentRunner$2.evaluate(ParentRunner.java:268)
	at org.springframework.test.context.junit4.statements.RunBeforeTestClassCallbacks.evaluate(RunBeforeTestClassCallbacks.java:61)
	at org.springframework.test.context.junit4.statements.RunAfterTestClassCallbacks.evaluate(RunAfterTestClassCallbacks.java:70)
	at org.junit.runners.ParentRunner.run(ParentRunner.java:363)
	at org.springframework.test.context.junit4.SpringJUnit4ClassRunner.run(SpringJUnit4ClassRunner.java:191)
	at org.apache.maven.surefire.junit4.JUnit4Provider.execute(JUnit4Provider.java:264)
	at org.apache.maven.surefire.junit4.JUnit4Provider.executeTestSet(JUnit4Provider.java:153)
	at org.apache.maven.surefire.junit4.JUnit4Provider.invoke(JUnit4Provider.java:124)
	at org.apache.maven.surefire.booter.ForkedBooter.invokeProviderInSameClassLoader(ForkedBooter.java:200)
	at org.apache.maven.surefire.booter.ForkedBooter.runSuitesInProcess(ForkedBooter.java:153)
	at org.apache.maven.surefire.booter.ForkedBooter.main(ForkedBooter.java:103)
Caused by: org.apache.camel.RuntimeCamelException: java.lang.ClassNotFoundException: gov.cdc.sdp.cbr.filter.HL7Terser
	at org.apache.camel.util.ObjectHelper.wrapRuntimeCamelException(ObjectHelper.java:1763)
	at org.apache.camel.model.language.MethodCallExpression.createExpression(MethodCallExpression.java:176)
	at org.apache.camel.model.language.MethodCallExpression.createPredicate(MethodCallExpression.java:210)
	at org.apache.camel.model.language.ExpressionDefinition.createPredicate(ExpressionDefinition.java:148)
	at org.apache.camel.model.ExpressionNode.createPredicate(ExpressionNode.java:120)
	at org.apache.camel.model.FilterDefinition.createFilterProcessor(FilterDefinition.java:70)
	at org.apache.camel.model.FilterDefinition.createProcessor(FilterDefinition.java:63)
	at org.apache.camel.model.FilterDefinition.createProcessor(FilterDefinition.java:35)
	at org.apache.camel.model.ProcessorDefinition.makeProcessorImpl(ProcessorDefinition.java:539)
	at org.apache.camel.model.ProcessorDefinition.makeProcessor(ProcessorDefinition.java:500)
	at org.apache.camel.model.ProcessorDefinition.addRoutes(ProcessorDefinition.java:221)
	at org.apache.camel.model.RouteDefinition.addRoutes(RouteDefinition.java:1068)
	at org.apache.camel.model.RouteDefinition.addRoutes(RouteDefinition.java:196)
	at org.apache.camel.impl.DefaultCamelContext.startRoute(DefaultCamelContext.java:984)
	at org.apache.camel.impl.DefaultCamelContext.startRouteDefinitions(DefaultCamelContext.java:3401)
	at org.apache.camel.impl.DefaultCamelContext.doStartCamel(DefaultCamelContext.java:3132)
	at org.apache.camel.impl.DefaultCamelContext.access$000(DefaultCamelContext.java:183)
	at org.apache.camel.impl.DefaultCamelContext$2.call(DefaultCamelContext.java:2961)
	at org.apache.camel.impl.DefaultCamelContext$2.call(DefaultCamelContext.java:2957)
	at org.apache.camel.impl.DefaultCamelContext.doWithDefinedClassLoader(DefaultCamelContext.java:2980)
	at org.apache.camel.impl.DefaultCamelContext.doStart(DefaultCamelContext.java:2957)
	at org.apache.camel.support.ServiceSupport.start(ServiceSupport.java:61)
	at org.apache.camel.impl.DefaultCamelContext.start(DefaultCamelContext.java:2924)
	at org.apache.camel.test.spring.CamelSpringTestContextLoader$6.execute(CamelSpringTestContextLoader.java:491)
	at org.apache.camel.test.spring.CamelSpringTestHelper.doToSpringCamelContexts(CamelSpringTestHelper.java:92)
	at org.apache.camel.test.spring.CamelSpringTestContextLoader.handleCamelContextStartup(CamelSpringTestContextLoader.java:485)
	at org.apache.camel.test.spring.CamelSpringTestContextLoader.loadContext(CamelSpringTestContextLoader.java:163)
	at org.apache.camel.test.spring.CamelSpringTestContextLoader.loadContext(CamelSpringTestContextLoader.java:87)
	at org.springframework.test.context.cache.DefaultCacheAwareContextLoaderDelegate.loadContextInternal(DefaultCacheAwareContextLoaderDelegate.java:98)
	at org.springframework.test.context.cache.DefaultCacheAwareContextLoaderDelegate.loadContext(DefaultCacheAwareContextLoaderDelegate.java:116)
	at org.springframework.test.context.support.DefaultTestContext.getApplicationContext(DefaultTestContext.java:83)
	at org.springframework.test.context.support.DependencyInjectionTestExecutionListener.injectDependencies(DependencyInjectionTestExecutionListener.java:117)
	at org.springframework.test.context.support.DependencyInjectionTestExecutionListener.prepareTestInstance(DependencyInjectionTestExecutionListener.java:83)
	at org.springframework.test.context.TestContextManager.prepareTestInstance(TestContextManager.java:230)
	at org.springframework.test.context.junit4.SpringJUnit4ClassRunner.createTest(SpringJUnit4ClassRunner.java:228)
	at org.springframework.test.context.junit4.SpringJUnit4ClassRunner$1.runReflectiveCall(SpringJUnit4ClassRunner.java:287)
	at org.junit.internal.runners.model.ReflectiveCallable.run(ReflectiveCallable.java:12)
	at org.springframework.test.context.junit4.SpringJUnit4ClassRunner.methodBlock(SpringJUnit4ClassRunner.java:289)
	at org.springframework.test.context.junit4.SpringJUnit4ClassRunner.runChild(SpringJUnit4ClassRunner.java:247)
	at org.springframework.test.context.junit4.SpringJUnit4ClassRunner.runChild(SpringJUnit4ClassRunner.java:94)
	at org.junit.runners.ParentRunner$3.run(ParentRunner.java:290)
	at org.junit.runners.ParentRunner$1.schedule(ParentRunner.java:71)
	at org.junit.runners.ParentRunner.runChildren(ParentRunner.java:288)
	at org.junit.runners.ParentRunner.access$000(ParentRunner.java:58)
	at org.junit.runners.ParentRunner$2.evaluate(ParentRunner.java:268)
	at org.springframework.test.context.junit4.statements.RunBeforeTestClassCallbacks.evaluate(RunBeforeTestClassCallbacks.java:61)
	at org.springframework.test.context.junit4.statements.RunAfterTestClassCallbacks.evaluate(RunAfterTestClassCallbacks.java:70)
	at org.junit.runners.ParentRunner.run(ParentRunner.java:363)
	at org.springframework.test.context.junit4.SpringJUnit4ClassRunner.run(SpringJUnit4ClassRunner.java:191)
	at org.apache.maven.surefire.junit4.JUnit4Provider.execute(JUnit4Provider.java:264)
	at org.apache.maven.surefire.junit4.JUnit4Provider.executeTestSet(JUnit4Provider.java:153)
	at org.apache.maven.surefire.junit4.JUnit4Provider.invoke(JUnit4Provider.java:124)
	at org.apache.maven.surefire.booter.ForkedBooter.invokeProviderInSameClassLoader(ForkedBooter.java:200)
	at org.apache.maven.surefire.booter.ForkedBooter.runSuitesInProcess(ForkedBooter.java:153)
	at org.apache.maven.surefire.booter.ForkedBooter.main(ForkedBooter.java:103)
Caused by: java.lang.ClassNotFoundException: gov.cdc.sdp.cbr.filter.HL7Terser
	at org.apache.camel.impl.DefaultClassResolver.resolveMandatoryClass(DefaultClassResolver.java:80)
	at org.apache.camel.model.language.MethodCallExpression.createExpression(MethodCallExpression.java:174)
	at org.apache.camel.model.language.MethodCallExpression.createPredicate(MethodCallExpression.java:210)
	at org.apache.camel.model.language.ExpressionDefinition.createPredicate(ExpressionDefinition.java:148)
	at org.apache.camel.model.ExpressionNode.createPredicate(ExpressionNode.java:120)
	at org.apache.camel.model.FilterDefinition.createFilterProcessor(FilterDefinition.java:70)
	at org.apache.camel.model.FilterDefinition.createProcessor(FilterDefinition.java:63)
	at org.apache.camel.model.FilterDefinition.createProcessor(FilterDefinition.java:35)
	at org.apache.camel.model.ProcessorDefinition.makeProcessorImpl(ProcessorDefinition.java:539)
	at org.apache.camel.model.ProcessorDefinition.makeProcessor(ProcessorDefinition.java:500)
	at org.apache.camel.model.ProcessorDefinition.addRoutes(ProcessorDefinition.java:221)
	at org.apache.camel.model.RouteDefinition.addRoutes(RouteDefinition.java:1068)
	at org.apache.camel.model.RouteDefinition.addRoutes(RouteDefinition.java:196)
	at org.apache.camel.impl.DefaultCamelContext.startRoute(DefaultCamelContext.java:984)
	at org.apache.camel.impl.DefaultCamelContext.startRouteDefinitions(DefaultCamelContext.java:3401)
	at org.apache.camel.impl.DefaultCamelContext.doStartCamel(DefaultCamelContext.java:3132)
	at org.apache.camel.impl.DefaultCamelContext.access$000(DefaultCamelContext.java:183)
	at org.apache.camel.impl.DefaultCamelContext$2.call(DefaultCamelContext.java:2961)
	at org.apache.camel.impl.DefaultCamelContext$2.call(DefaultCamelContext.java:2957)
	at org.apache.camel.impl.DefaultCamelContext.doWithDefinedClassLoader(DefaultCamelContext.java:2980)
	at org.apache.camel.impl.DefaultCamelContext.doStart(DefaultCamelContext.java:2957)
	at org.apache.camel.support.ServiceSupport.start(ServiceSupport.java:61)
	at org.apache.camel.impl.DefaultCamelContext.start(DefaultCamelContext.java:2924)
	at org.apache.camel.test.spring.CamelSpringTestContextLoader$6.execute(CamelSpringTestContextLoader.java:491)
	at org.apache.camel.test.spring.CamelSpringTestHelper.doToSpringCamelContexts(CamelSpringTestHelper.java:92)
	at org.apache.camel.test.spring.CamelSpringTestContextLoader.handleCamelContextStartup(CamelSpringTestContextLoader.java:485)
	at org.apache.camel.test.spring.CamelSpringTestContextLoader.loadContext(CamelSpringTestContextLoader.java:163)
	at org.apache.camel.test.spring.CamelSpringTestContextLoader.loadContext(CamelSpringTestContextLoader.java:87)
	at org.springframework.test.context.cache.DefaultCacheAwareContextLoaderDelegate.loadContextInternal(DefaultCacheAwareContextLoaderDelegate.java:98)
	at org.springframework.test.context.cache.DefaultCacheAwareContextLoaderDelegate.loadContext(DefaultCacheAwareContextLoaderDelegate.java:116)
	at org.springframework.test.context.support.DefaultTestContext.getApplicationContext(DefaultTestContext.java:83)
	at org.springframework.test.context.support.DependencyInjectionTestExecutionListener.injectDependencies(DependencyInjectionTestExecutionListener.java:117)
	at org.springframework.test.context.support.DependencyInjectionTestExecutionListener.prepareTestInstance(DependencyInjectionTestExecutionListener.java:83)
	at org.springframework.test.context.TestContextManager.prepareTestInstance(TestContextManager.java:230)
	at org.springframework.test.context.junit4.SpringJUnit4ClassRunner.createTest(SpringJUnit4ClassRunner.java:228)
	at org.springframework.test.context.junit4.SpringJUnit4ClassRunner$1.runReflectiveCall(SpringJUnit4ClassRunner.java:287)
	at org.junit.internal.runners.model.ReflectiveCallable.run(ReflectiveCallable.java:12)
	at org.springframework.test.context.junit4.SpringJUnit4ClassRunner.methodBlock(SpringJUnit4ClassRunner.java:289)
	at org.springframework.test.context.junit4.SpringJUnit4ClassRunner.runChild(SpringJUnit4ClassRunner.java:247)
	at org.springframework.test.context.junit4.SpringJUnit4ClassRunner.runChild(SpringJUnit4ClassRunner.java:94)
	at org.junit.runners.ParentRunner$3.run(ParentRunner.java:290)
	at org.junit.runners.ParentRunner$1.schedule(ParentRunner.java:71)
	at org.junit.runners.ParentRunner.runChildren(ParentRunner.java:288)
	at org.junit.runners.ParentRunner.access$000(ParentRunner.java:58)
	at org.junit.runners.ParentRunner$2.evaluate(ParentRunner.java:268)
	at org.springframework.test.context.junit4.statements.RunBeforeTestClassCallbacks.evaluate(RunBeforeTestClassCallbacks.java:61)
	at org.springframework.test.context.junit4.statements.RunAfterTestClassCallbacks.evaluate(RunAfterTestClassCallbacks.java:70)
	at org.junit.runners.ParentRunner.run(ParentRunner.java:363)
	at org.springframework.test.context.junit4.SpringJUnit4ClassRunner.run(SpringJUnit4ClassRunner.java:191)
	at org.apache.maven.surefire.junit4.JUnit4Provider.execute(JUnit4Provider.java:264)
	at org.apache.maven.surefire.junit4.JUnit4Provider.executeTestSet(JUnit4Provider.java:153)
	at org.apache.maven.surefire.junit4.JUnit4Provider.invoke(JUnit4Provider.java:124)
	at org.apache.maven.surefire.booter.ForkedBooter.invokeProviderInSameClassLoader(ForkedBooter.java:200)
	at org.apache.maven.surefire.booter.ForkedBooter.runSuitesInProcess(ForkedBooter.java:153)
	at org.apache.maven.surefire.booter.ForkedBooter.main(ForkedBooter.java:103)
]]></error>
    <system-out><![CDATA[09:11:41,887 |-INFO in ch.qos.logback.classic.LoggerContext[default] - Could NOT find resource [logback.groovy]
09:11:41,900 |-INFO in ch.qos.logback.classic.LoggerContext[default] - Could NOT find resource [logback-test.xml]
09:11:41,900 |-INFO in ch.qos.logback.classic.LoggerContext[default] - Found resource [logback.xml] at [file:/home/troy/project/SDP-CBR/core/target/test-classes/logback.xml]
09:11:41,901 |-WARN in ch.qos.logback.classic.LoggerContext[default] - Resource [logback.xml] occurs multiple times on the classpath.
09:11:41,901 |-WARN in ch.qos.logback.classic.LoggerContext[default] - Resource [logback.xml] occurs at [file:/home/troy/project/SDP-CBR/core/target/test-classes/logback.xml]
09:11:41,901 |-WARN in ch.qos.logback.classic.LoggerContext[default] - Resource [logback.xml] occurs at [file:/home/troy/project/SDP-CBR/core/target/classes/logback.xml]
09:11:42,058 |-INFO in ch.qos.logback.classic.joran.action.ConfigurationAction - debug attribute not set
09:11:42,174 |-INFO in ch.qos.logback.core.joran.action.AppenderAction - About to instantiate appender of type [ch.qos.logback.core.rolling.RollingFileAppender]
09:11:42,210 |-INFO in ch.qos.logback.core.joran.action.AppenderAction - Naming appender as [FILE]
09:11:42,278 |-INFO in c.q.l.core.rolling.SizeAndTimeBasedRollingPolicy@1567885839 - Achive files will be limied to [100MB] each.
09:11:42,349 |-INFO in c.q.l.core.rolling.SizeAndTimeBasedRollingPolicy@1567885839 - No compression will be used
09:11:42,351 |-INFO in c.q.l.core.rolling.SizeAndTimeBasedRollingPolicy@1567885839 - Will use the pattern ./log_files/sdp_console-%d{yyyy-MM-dd}.%i.log for the active file
09:11:42,362 |-INFO in ch.qos.logback.core.rolling.SizeAndTimeBasedFNATP@214b199c - The date pattern is 'yyyy-MM-dd' from file name pattern './log_files/sdp_console-%d{yyyy-MM-dd}.%i.log'.
09:11:42,362 |-INFO in ch.qos.logback.core.rolling.SizeAndTimeBasedFNATP@214b199c - Roll-over at midnight.
09:11:42,367 |-INFO in ch.qos.logback.core.rolling.SizeAndTimeBasedFNATP@214b199c - Setting initial period to Thu Nov 02 14:21:09 EDT 2017
09:11:42,377 |-INFO in ch.qos.logback.core.joran.action.NestedComplexPropertyIA - Assuming default type [ch.qos.logback.classic.encoder.PatternLayoutEncoder] for [encoder] property
09:11:42,416 |-INFO in ch.qos.logback.core.rolling.RollingFileAppender[FILE] - Active log file name: ./log_files/sdp_console.log
09:11:42,416 |-INFO in ch.qos.logback.core.rolling.RollingFileAppender[FILE] - File property is set to [./log_files/sdp_console.log]
09:11:42,417 |-INFO in ch.qos.logback.core.joran.action.AppenderAction - About to instantiate appender of type [ch.qos.logback.core.ConsoleAppender]
09:11:42,419 |-INFO in ch.qos.logback.core.joran.action.AppenderAction - Naming appender as [STDOUT]
09:11:42,424 |-INFO in ch.qos.logback.core.joran.action.NestedComplexPropertyIA - Assuming default type [ch.qos.logback.classic.encoder.PatternLayoutEncoder] for [encoder] property
09:11:42,425 |-INFO in ch.qos.logback.classic.joran.action.RootLoggerAction - Setting level of ROOT logger to INFO
09:11:42,425 |-INFO in ch.qos.logback.core.joran.action.AppenderRefAction - Attaching appender named [STDOUT] to Logger[ROOT]
09:11:42,426 |-INFO in ch.qos.logback.core.joran.action.AppenderRefAction - Attaching appender named [FILE] to Logger[ROOT]
09:11:42,426 |-INFO in ch.qos.logback.classic.joran.action.ConfigurationAction - End of configuration.
09:11:42,426 |-INFO in ch.qos.logback.classic.joran.JoranConfigurator@20d3d15a - Registering current configuration as safe fallback point

[2017-11-03 : 09:11:42.982] [main] INFO  o.a.c.t.s.CamelTestContextBootstrapper -Loaded default TestExecutionListener class names from location [META-INF/spring.factories]: [org.springframework.test.context.web.ServletTestExecutionListener, org.springframework.test.context.support.DirtiesContextBeforeModesTestExecutionListener, org.springframework.test.context.support.DependencyInjectionTestExecutionListener, org.springframework.test.context.support.DirtiesContextTestExecutionListener, org.springframework.test.context.transaction.TransactionalTestExecutionListener, org.springframework.test.context.jdbc.SqlScriptsTestExecutionListener, org.springframework.boot.test.mock.mockito.MockitoTestExecutionListener, org.springframework.boot.test.mock.mockito.ResetMocksTestExecutionListener, org.springframework.boot.test.autoconfigure.restdocs.RestDocsTestExecutionListener, org.springframework.boot.test.autoconfigure.web.client.MockRestServiceServerResetTestExecutionListener, org.springframework.boot.test.autoconfigure.web.servlet.MockMvcPrintOnlyOnFailureTestExecutionListener, org.springframework.boot.test.autoconfigure.web.servlet.WebDriverTestExecutionListener] 
[2017-11-03 : 09:11:43.117] [main] INFO  o.a.c.t.s.CamelTestContextBootstrapper -Using TestExecutionListeners: [org.springframework.test.context.web.ServletTestExecutionListener@3fc2959f, org.springframework.test.context.support.DirtiesContextBeforeModesTestExecutionListener@5aa9e4eb, org.springframework.test.context.support.DependencyInjectionTestExecutionListener@6989da5e, org.springframework.test.context.support.DirtiesContextTestExecutionListener@385c9627, org.springframework.test.context.transaction.TransactionalTestExecutionListener@139982de, org.springframework.test.context.jdbc.SqlScriptsTestExecutionListener@682b2fa, org.springframework.boot.test.autoconfigure.restdocs.RestDocsTestExecutionListener@217ed35e, org.springframework.boot.test.mock.mockito.MockitoTestExecutionListener@7dcf94f8, org.springframework.boot.test.autoconfigure.web.servlet.MockMvcPrintOnlyOnFailureTestExecutionListener@229f66ed, org.springframework.boot.test.mock.mockito.ResetMocksTestExecutionListener@31190526, org.springframework.boot.test.autoconfigure.web.servlet.WebDriverTestExecutionListener@662ac478, org.springframework.boot.test.autoconfigure.web.client.MockRestServiceServerResetTestExecutionListener@6743e411] 
[2017-11-03 : 09:11:43.524] [main] INFO  o.s.b.f.xml.XmlBeanDefinitionReader -Loading XML bean definitions from class path resource [SplitAndAggregateTest-context.xml] 
[2017-11-03 : 09:11:47.561] [main] INFO  o.a.c.t.s.CamelSpringTestContextLoader -Disabling Camel JMX globally for tests by default.  Use the DisableJMX annotation to override the default setting. 
[2017-11-03 : 09:11:47.725] [main] INFO  o.s.c.s.GenericApplicationContext -Refreshing org.springframework.context.support.GenericApplicationContext@22fcf7ab: startup date [Fri Nov 03 09:11:47 EDT 2017]; root of context hierarchy 
[2017-11-03 : 09:11:48.644] [main] INFO  o.a.c.s.s.BridgePropertyPlaceholderConfigurer -Loading properties file from class path resource [application.properties] 
[2017-11-03 : 09:11:48.719] [main] INFO  o.s.b.f.a.AutowiredAnnotationBeanPostProcessor -JSR-330 'javax.inject.Inject' annotation found and supported for autowiring 
[2017-11-03 : 09:11:51.476] [main] INFO  o.a.c.spring.CamelContextFactoryBean -Bridging Camel and Spring property placeholder configurer with id: bridgePropertyPlaceholder 
[2017-11-03 : 09:11:52.082] [main] INFO  o.a.c.t.s.CamelSpringTestContextLoader -Setting shutdown timeout to [10 SECONDS] on CamelContext with name [camel]. 
[2017-11-03 : 09:11:52.092] [main] INFO  o.a.c.t.s.CamelSpringTestContextLoader -Starting CamelContext with name [camel]. 
[2017-11-03 : 09:11:52.094] [main] INFO  o.a.camel.spring.SpringCamelContext -Apache Camel 2.18.1.redhat-000012 (CamelContext: camel) is starting 
[2017-11-03 : 09:11:52.100] [main] INFO  o.a.c.m.DefaultManagementStrategy -JMX is disabled 
[2017-11-03 : 09:11:52.368] [main] INFO  o.a.c.i.c.DefaultTypeConverter -Loaded 211 type converters 
[2017-11-03 : 09:11:55.552] [main] INFO  o.a.camel.spring.SpringCamelContext -Apache Camel 2.18.1.redhat-000012 (CamelContext: camel) is shutting down 
[2017-11-03 : 09:11:55.646] [main] INFO  o.a.camel.spring.SpringCamelContext -Apache Camel 2.18.1.redhat-000012 (CamelContext: camel) uptime 3.552 seconds 
[2017-11-03 : 09:11:55.646] [main] INFO  o.a.camel.spring.SpringCamelContext -Apache Camel 2.18.1.redhat-000012 (CamelContext: camel) is shutdown in 0.093 seconds 
[2017-11-03 : 09:11:55.651] [main] ERROR o.s.test.context.TestContextManager -Caught exception while allowing TestExecutionListener [org.springframework.test.context.support.DependencyInjectionTestExecutionListener@6989da5e] to prepare test instance [gov.cdc.sdp.cbr.SplitAndAggregateTest@b887730] 
java.lang.IllegalStateException: Failed to load ApplicationContext
	at org.springframework.test.context.cache.DefaultCacheAwareContextLoaderDelegate.loadContext(DefaultCacheAwareContextLoaderDelegate.java:124)
	at org.springframework.test.context.support.DefaultTestContext.getApplicationContext(DefaultTestContext.java:83)
	at org.springframework.test.context.support.DependencyInjectionTestExecutionListener.injectDependencies(DependencyInjectionTestExecutionListener.java:117)
	at org.springframework.test.context.support.DependencyInjectionTestExecutionListener.prepareTestInstance(DependencyInjectionTestExecutionListener.java:83)
	at org.springframework.test.context.TestContextManager.prepareTestInstance(TestContextManager.java:230)
	at org.springframework.test.context.junit4.SpringJUnit4ClassRunner.createTest(SpringJUnit4ClassRunner.java:228)
	at org.springframework.test.context.junit4.SpringJUnit4ClassRunner$1.runReflectiveCall(SpringJUnit4ClassRunner.java:287)
	at org.junit.internal.runners.model.ReflectiveCallable.run(ReflectiveCallable.java:12)
	at org.springframework.test.context.junit4.SpringJUnit4ClassRunner.methodBlock(SpringJUnit4ClassRunner.java:289)
	at org.springframework.test.context.junit4.SpringJUnit4ClassRunner.runChild(SpringJUnit4ClassRunner.java:247)
	at org.springframework.test.context.junit4.SpringJUnit4ClassRunner.runChild(SpringJUnit4ClassRunner.java:94)
	at org.junit.runners.ParentRunner$3.run(ParentRunner.java:290)
	at org.junit.runners.ParentRunner$1.schedule(ParentRunner.java:71)
	at org.junit.runners.ParentRunner.runChildren(ParentRunner.java:288)
	at org.junit.runners.ParentRunner.access$000(ParentRunner.java:58)
	at org.junit.runners.ParentRunner$2.evaluate(ParentRunner.java:268)
	at org.springframework.test.context.junit4.statements.RunBeforeTestClassCallbacks.evaluate(RunBeforeTestClassCallbacks.java:61)
	at org.springframework.test.context.junit4.statements.RunAfterTestClassCallbacks.evaluate(RunAfterTestClassCallbacks.java:70)
	at org.junit.runners.ParentRunner.run(ParentRunner.java:363)
	at org.springframework.test.context.junit4.SpringJUnit4ClassRunner.run(SpringJUnit4ClassRunner.java:191)
	at org.apache.maven.surefire.junit4.JUnit4Provider.execute(JUnit4Provider.java:264)
	at org.apache.maven.surefire.junit4.JUnit4Provider.executeTestSet(JUnit4Provider.java:153)
	at org.apache.maven.surefire.junit4.JUnit4Provider.invoke(JUnit4Provider.java:124)
	at org.apache.maven.surefire.booter.ForkedBooter.invokeProviderInSameClassLoader(ForkedBooter.java:200)
	at org.apache.maven.surefire.booter.ForkedBooter.runSuitesInProcess(ForkedBooter.java:153)
	at org.apache.maven.surefire.booter.ForkedBooter.main(ForkedBooter.java:103)
Caused by: org.apache.camel.FailedToCreateRouteException: Failed to create route _route1 at: >>> Filter[bean[ method:filter] -> [Marshal[ref:unvalidatedHl7], To[aphl-s3://there_is_no_S3_here]]] <<< in route: Route(_route1)[[From[direct:error]] -> [OnException[[class j... because of java.lang.ClassNotFoundException: gov.cdc.sdp.cbr.filter.HL7Terser
	at org.apache.camel.model.RouteDefinition.addRoutes(RouteDefinition.java:1071)
	at org.apache.camel.model.RouteDefinition.addRoutes(RouteDefinition.java:196)
	at org.apache.camel.impl.DefaultCamelContext.startRoute(DefaultCamelContext.java:984)
	at org.apache.camel.impl.DefaultCamelContext.startRouteDefinitions(DefaultCamelContext.java:3401)
	at org.apache.camel.impl.DefaultCamelContext.doStartCamel(DefaultCamelContext.java:3132)
	at org.apache.camel.impl.DefaultCamelContext.access$000(DefaultCamelContext.java:183)
	at org.apache.camel.impl.DefaultCamelContext$2.call(DefaultCamelContext.java:2961)
	at org.apache.camel.impl.DefaultCamelContext$2.call(DefaultCamelContext.java:2957)
	at org.apache.camel.impl.DefaultCamelContext.doWithDefinedClassLoader(DefaultCamelContext.java:2980)
	at org.apache.camel.impl.DefaultCamelContext.doStart(DefaultCamelContext.java:2957)
	at org.apache.camel.support.ServiceSupport.start(ServiceSupport.java:61)
	at org.apache.camel.impl.DefaultCamelContext.start(DefaultCamelContext.java:2924)
	at org.apache.camel.test.spring.CamelSpringTestContextLoader$6.execute(CamelSpringTestContextLoader.java:491)
	at org.apache.camel.test.spring.CamelSpringTestHelper.doToSpringCamelContexts(CamelSpringTestHelper.java:92)
	at org.apache.camel.test.spring.CamelSpringTestContextLoader.handleCamelContextStartup(CamelSpringTestContextLoader.java:485)
	at org.apache.camel.test.spring.CamelSpringTestContextLoader.loadContext(CamelSpringTestContextLoader.java:163)
	at org.apache.camel.test.spring.CamelSpringTestContextLoader.loadContext(CamelSpringTestContextLoader.java:87)
	at org.springframework.test.context.cache.DefaultCacheAwareContextLoaderDelegate.loadContextInternal(DefaultCacheAwareContextLoaderDelegate.java:98)
	at org.springframework.test.context.cache.DefaultCacheAwareContextLoaderDelegate.loadContext(DefaultCacheAwareContextLoaderDelegate.java:116)
	... 25 common frames omitted
Caused by: org.apache.camel.RuntimeCamelException: java.lang.ClassNotFoundException: gov.cdc.sdp.cbr.filter.HL7Terser
	at org.apache.camel.util.ObjectHelper.wrapRuntimeCamelException(ObjectHelper.java:1763)
	at org.apache.camel.model.language.MethodCallExpression.createExpression(MethodCallExpression.java:176)
	at org.apache.camel.model.language.MethodCallExpression.createPredicate(MethodCallExpression.java:210)
	at org.apache.camel.model.language.ExpressionDefinition.createPredicate(ExpressionDefinition.java:148)
	at org.apache.camel.model.ExpressionNode.createPredicate(ExpressionNode.java:120)
	at org.apache.camel.model.FilterDefinition.createFilterProcessor(FilterDefinition.java:70)
	at org.apache.camel.model.FilterDefinition.createProcessor(FilterDefinition.java:63)
	at org.apache.camel.model.FilterDefinition.createProcessor(FilterDefinition.java:35)
	at org.apache.camel.model.ProcessorDefinition.makeProcessorImpl(ProcessorDefinition.java:539)
	at org.apache.camel.model.ProcessorDefinition.makeProcessor(ProcessorDefinition.java:500)
	at org.apache.camel.model.ProcessorDefinition.addRoutes(ProcessorDefinition.java:221)
	at org.apache.camel.model.RouteDefinition.addRoutes(RouteDefinition.java:1068)
	... 43 common frames omitted
Caused by: java.lang.ClassNotFoundException: gov.cdc.sdp.cbr.filter.HL7Terser
	at org.apache.camel.impl.DefaultClassResolver.resolveMandatoryClass(DefaultClassResolver.java:80)
	at org.apache.camel.model.language.MethodCallExpression.createExpression(MethodCallExpression.java:174)
	... 53 common frames omitted
]]></system-out>
  </testcase>
</testsuite>